{"C:\\Users\\Raiha\\Desktop\\Linktree\\backened\\src\\app.js": {"path":"C:\\Users\\Raiha\\Desktop\\Linktree\\backened\\src\\app.js","statementMap":{"0":{"start":{"line":6,"column":11},"end":{"line":6,"column":20}},"1":{"start":{"line":8,"column":0},"end":{"line":8,"column":22}},"2":{"start":{"line":9,"column":0},"end":{"line":9,"column":23}},"3":{"start":{"line":11,"column":0},"end":{"line":11,"column":35}},"4":{"start":{"line":13,"column":0},"end":{"line":13,"column":21}}},"fnMap":{},"branchMap":{},"s":{"0":1,"1":1,"2":1,"3":1,"4":1},"f":{},"b":{},"_coverageSchema":"1a1c01bbd47fc00a2c39e90264f33305004495a9","hash":"384b8f676b9e017763758ef8bc10cd93bbae24bb"}
,"C:\\Users\\Raiha\\Desktop\\Linktree\\backened\\src\\controllers\\authController.js": {"path":"C:\\Users\\Raiha\\Desktop\\Linktree\\backened\\src\\controllers\\authController.js","statementMap":{"0":{"start":{"line":4,"column":28},"end":{"line":27,"column":2}},"1":{"start":{"line":5,"column":36},"end":{"line":5,"column":44}},"2":{"start":{"line":6,"column":2},"end":{"line":8,"column":3}},"3":{"start":{"line":7,"column":3},"end":{"line":7,"column":73}},"4":{"start":{"line":9,"column":20},"end":{"line":9,"column":49}},"5":{"start":{"line":10,"column":2},"end":{"line":12,"column":3}},"6":{"start":{"line":11,"column":3},"end":{"line":11,"column":66}},"7":{"start":{"line":13,"column":17},"end":{"line":17,"column":6}},"8":{"start":{"line":18,"column":19},"end":{"line":18,"column":38}},"9":{"start":{"line":19,"column":4},"end":{"line":19,"column":22}},"10":{"start":{"line":20,"column":4},"end":{"line":25,"column":7}},"11":{"start":{"line":29,"column":25},"end":{"line":49,"column":2}},"12":{"start":{"line":30,"column":30},"end":{"line":30,"column":38}},"13":{"start":{"line":31,"column":2},"end":{"line":35,"column":3}},"14":{"start":{"line":32,"column":4},"end":{"line":34,"column":62}},"15":{"start":{"line":37,"column":17},"end":{"line":37,"column":66}},"16":{"start":{"line":38,"column":4},"end":{"line":40,"column":5}},"17":{"start":{"line":39,"column":8},"end":{"line":39,"column":75}},"18":{"start":{"line":41,"column":18},"end":{"line":41,"column":37}},"19":{"start":{"line":42,"column":4},"end":{"line":47,"column":6}}},"fnMap":{"0":{"name":"(anonymous_0)","decl":{"start":{"line":4,"column":41},"end":{"line":4,"column":42}},"loc":{"start":{"line":4,"column":61},"end":{"line":27,"column":1}},"line":4},"1":{"name":"(anonymous_1)","decl":{"start":{"line":29,"column":38},"end":{"line":29,"column":39}},"loc":{"start":{"line":29,"column":58},"end":{"line":49,"column":1}},"line":29}},"branchMap":{"0":{"loc":{"start":{"line":6,"column":2},"end":{"line":8,"column":3}},"type":"if","locations":[{"start":{"line":6,"column":2},"end":{"line":8,"column":3}},{"start":{},"end":{}}],"line":6},"1":{"loc":{"start":{"line":6,"column":6},"end":{"line":6,"column":34}},"type":"binary-expr","locations":[{"start":{"line":6,"column":6},"end":{"line":6,"column":11}},{"start":{"line":6,"column":15},"end":{"line":6,"column":21}},{"start":{"line":6,"column":25},"end":{"line":6,"column":34}}],"line":6},"2":{"loc":{"start":{"line":10,"column":2},"end":{"line":12,"column":3}},"type":"if","locations":[{"start":{"line":10,"column":2},"end":{"line":12,"column":3}},{"start":{},"end":{}}],"line":10},"3":{"loc":{"start":{"line":31,"column":2},"end":{"line":35,"column":3}},"type":"if","locations":[{"start":{"line":31,"column":2},"end":{"line":35,"column":3}},{"start":{},"end":{}}],"line":31},"4":{"loc":{"start":{"line":31,"column":6},"end":{"line":31,"column":25}},"type":"binary-expr","locations":[{"start":{"line":31,"column":6},"end":{"line":31,"column":12}},{"start":{"line":31,"column":16},"end":{"line":31,"column":25}}],"line":31},"5":{"loc":{"start":{"line":38,"column":4},"end":{"line":40,"column":5}},"type":"if","locations":[{"start":{"line":38,"column":4},"end":{"line":40,"column":5}},{"start":{},"end":{}}],"line":38},"6":{"loc":{"start":{"line":38,"column":7},"end":{"line":38,"column":55}},"type":"binary-expr","locations":[{"start":{"line":38,"column":7},"end":{"line":38,"column":12}},{"start":{"line":38,"column":16},"end":{"line":38,"column":55}}],"line":38}},"s":{"0":1,"1":11,"2":11,"3":1,"4":10,"5":10,"6":1,"7":9,"8":9,"9":9,"10":6,"11":1,"12":5,"13":5,"14":2,"15":3,"16":3,"17":2,"18":1,"19":1},"f":{"0":11,"1":5},"b":{"0":[1,10],"1":[11,11,11],"2":[1,9],"3":[2,3],"4":[5,4],"5":[2,1],"6":[3,2]},"_coverageSchema":"1a1c01bbd47fc00a2c39e90264f33305004495a9","hash":"fdbecadfbafd9ed9159dc37fcaf08c74cda97186"}
,"C:\\Users\\Raiha\\Desktop\\Linktree\\backened\\src\\middleware\\errorHandler.js": {"path":"C:\\Users\\Raiha\\Desktop\\Linktree\\backened\\src\\middleware\\errorHandler.js","statementMap":{"0":{"start":{"line":5,"column":21},"end":{"line":32,"column":1}},"1":{"start":{"line":6,"column":2},"end":{"line":8,"column":3}},"2":{"start":{"line":7,"column":4},"end":{"line":7,"column":29}},"3":{"start":{"line":10,"column":19},"end":{"line":10,"column":64}},"4":{"start":{"line":11,"column":16},"end":{"line":11,"column":54}},"5":{"start":{"line":14,"column":2},"end":{"line":19,"column":3}},"6":{"start":{"line":15,"column":4},"end":{"line":15,"column":21}},"7":{"start":{"line":16,"column":4},"end":{"line":18,"column":18}},"8":{"start":{"line":17,"column":21},"end":{"line":17,"column":33}},"9":{"start":{"line":22,"column":2},"end":{"line":26,"column":3}},"10":{"start":{"line":23,"column":4},"end":{"line":23,"column":21}},"11":{"start":{"line":24,"column":27},"end":{"line":24,"column":55}},"12":{"start":{"line":25,"column":4},"end":{"line":25,"column":132}},"13":{"start":{"line":28,"column":2},"end":{"line":31,"column":5}}},"fnMap":{"0":{"name":"(anonymous_0)","decl":{"start":{"line":5,"column":21},"end":{"line":5,"column":22}},"loc":{"start":{"line":5,"column":46},"end":{"line":32,"column":1}},"line":5},"1":{"name":"(anonymous_1)","decl":{"start":{"line":17,"column":11},"end":{"line":17,"column":12}},"loc":{"start":{"line":17,"column":21},"end":{"line":17,"column":33}},"line":17}},"branchMap":{"0":{"loc":{"start":{"line":6,"column":2},"end":{"line":8,"column":3}},"type":"if","locations":[{"start":{"line":6,"column":2},"end":{"line":8,"column":3}},{"start":{},"end":{}}],"line":6},"1":{"loc":{"start":{"line":10,"column":19},"end":{"line":10,"column":64}},"type":"cond-expr","locations":[{"start":{"line":10,"column":44},"end":{"line":10,"column":47}},{"start":{"line":10,"column":50},"end":{"line":10,"column":64}}],"line":10},"2":{"loc":{"start":{"line":11,"column":16},"end":{"line":11,"column":54}},"type":"binary-expr","locations":[{"start":{"line":11,"column":16},"end":{"line":11,"column":27}},{"start":{"line":11,"column":31},"end":{"line":11,"column":54}}],"line":11},"3":{"loc":{"start":{"line":14,"column":2},"end":{"line":19,"column":3}},"type":"if","locations":[{"start":{"line":14,"column":2},"end":{"line":19,"column":3}},{"start":{},"end":{}}],"line":14},"4":{"loc":{"start":{"line":22,"column":2},"end":{"line":26,"column":3}},"type":"if","locations":[{"start":{"line":22,"column":2},"end":{"line":26,"column":3}},{"start":{},"end":{}}],"line":22},"5":{"loc":{"start":{"line":30,"column":11},"end":{"line":30,"column":67}},"type":"cond-expr","locations":[{"start":{"line":30,"column":51},"end":{"line":30,"column":55}},{"start":{"line":30,"column":58},"end":{"line":30,"column":67}}],"line":30}},"s":{"0":1,"1":3,"2":0,"3":3,"4":3,"5":3,"6":3,"7":3,"8":3,"9":3,"10":0,"11":0,"12":0,"13":3},"f":{"0":3,"1":3},"b":{"0":[0,3],"1":[3,0],"2":[3,0],"3":[3,0],"4":[0,3],"5":[0,3]},"_coverageSchema":"1a1c01bbd47fc00a2c39e90264f33305004495a9","hash":"e70b963b6bd7b414ffa9804e2fd2dfcbf43136e4"}
,"C:\\Users\\Raiha\\Desktop\\Linktree\\backened\\src\\models\\user.js": {"path":"C:\\Users\\Raiha\\Desktop\\Linktree\\backened\\src\\models\\user.js","statementMap":{"0":{"start":{"line":6,"column":0},"end":{"line":6,"column":15}},"1":{"start":{"line":8,"column":18},"end":{"line":37,"column":2}},"2":{"start":{"line":21,"column":8},"end":{"line":23,"column":9}},"3":{"start":{"line":22,"column":12},"end":{"line":22,"column":60}},"4":{"start":{"line":32,"column":12},"end":{"line":34,"column":13}},"5":{"start":{"line":33,"column":16},"end":{"line":33,"column":55}},"6":{"start":{"line":39,"column":0},"end":{"line":47,"column":2}},"7":{"start":{"line":40,"column":6},"end":{"line":42,"column":7}},"8":{"start":{"line":41,"column":8},"end":{"line":41,"column":21}},"9":{"start":{"line":44,"column":19},"end":{"line":44,"column":43}},"10":{"start":{"line":45,"column":7},"end":{"line":45,"column":60}},"11":{"start":{"line":46,"column":8},"end":{"line":46,"column":14}},"12":{"start":{"line":48,"column":0},"end":{"line":52,"column":1}},"13":{"start":{"line":49,"column":27},"end":{"line":49,"column":84}},"14":{"start":{"line":51,"column":4},"end":{"line":51,"column":26}},"15":{"start":{"line":53,"column":0},"end":{"line":56,"column":1}},"16":{"start":{"line":54,"column":14},"end":{"line":54,"column":87}},"17":{"start":{"line":55,"column":4},"end":{"line":55,"column":16}},"18":{"start":{"line":57,"column":12},"end":{"line":57,"column":46}}},"fnMap":{"0":{"name":"(anonymous_0)","decl":{"start":{"line":20,"column":6},"end":{"line":20,"column":7}},"loc":{"start":{"line":20,"column":21},"end":{"line":24,"column":7}},"line":20},"1":{"name":"(anonymous_1)","decl":{"start":{"line":31,"column":8},"end":{"line":31,"column":9}},"loc":{"start":{"line":31,"column":23},"end":{"line":35,"column":9}},"line":31},"2":{"name":"(anonymous_2)","decl":{"start":{"line":39,"column":23},"end":{"line":39,"column":24}},"loc":{"start":{"line":39,"column":43},"end":{"line":47,"column":1}},"line":39},"3":{"name":"(anonymous_3)","decl":{"start":{"line":48,"column":36},"end":{"line":48,"column":37}},"loc":{"start":{"line":48,"column":71},"end":{"line":52,"column":1}},"line":48},"4":{"name":"(anonymous_4)","decl":{"start":{"line":53,"column":27},"end":{"line":53,"column":28}},"loc":{"start":{"line":53,"column":43},"end":{"line":56,"column":1}},"line":53}},"branchMap":{"0":{"loc":{"start":{"line":21,"column":8},"end":{"line":23,"column":9}},"type":"if","locations":[{"start":{"line":21,"column":8},"end":{"line":23,"column":9}},{"start":{},"end":{}}],"line":21},"1":{"loc":{"start":{"line":32,"column":12},"end":{"line":34,"column":13}},"type":"if","locations":[{"start":{"line":32,"column":12},"end":{"line":34,"column":13}},{"start":{},"end":{}}],"line":32},"2":{"loc":{"start":{"line":40,"column":6},"end":{"line":42,"column":7}},"type":"if","locations":[{"start":{"line":40,"column":6},"end":{"line":42,"column":7}},{"start":{},"end":{}}],"line":40}},"s":{"0":1,"1":1,"2":14,"3":1,"4":12,"5":1,"6":1,"7":11,"8":1,"9":10,"10":10,"11":10,"12":1,"13":2,"14":2,"15":1,"16":10,"17":10,"18":1},"f":{"0":14,"1":12,"2":11,"3":2,"4":10},"b":{"0":[1,13],"1":[1,11],"2":[1,10]},"_coverageSchema":"1a1c01bbd47fc00a2c39e90264f33305004495a9","hash":"086696c43489e9ca012bbb7de8a4ae5ee8adb515"}
,"C:\\Users\\Raiha\\Desktop\\Linktree\\backened\\src\\routes\\auth.js": {"path":"C:\\Users\\Raiha\\Desktop\\Linktree\\backened\\src\\routes\\auth.js","statementMap":{"0":{"start":{"line":4,"column":18},"end":{"line":4,"column":34}},"1":{"start":{"line":6,"column":0},"end":{"line":6,"column":42}},"2":{"start":{"line":7,"column":0},"end":{"line":7,"column":36}}},"fnMap":{},"branchMap":{},"s":{"0":1,"1":1,"2":1},"f":{},"b":{},"_coverageSchema":"1a1c01bbd47fc00a2c39e90264f33305004495a9","hash":"9f2619aa548b3e58509980e82f1b53d58e5c1607"}
}
