TN:
SF:src\app.js
FNF:0
FNH:0
DA:6,1
DA:8,1
DA:9,1
DA:11,1
DA:13,1
LF:5
LH:5
BRF:0
BRH:0
end_of_record
TN:
SF:src\controllers\authController.js
FN:4,(anonymous_0)
FN:29,(anonymous_1)
FNF:2
FNH:2
FNDA:11,(anonymous_0)
FNDA:5,(anonymous_1)
DA:4,1
DA:5,11
DA:6,11
DA:7,1
DA:9,10
DA:10,10
DA:11,1
DA:13,9
DA:18,9
DA:19,9
DA:20,6
DA:29,1
DA:30,5
DA:31,5
DA:32,2
DA:37,3
DA:38,3
DA:39,2
DA:41,1
DA:42,1
LF:20
LH:20
BRDA:6,0,0,1
BRDA:6,0,1,10
BRDA:6,1,0,11
BRDA:6,1,1,11
BRDA:6,1,2,11
BRDA:10,2,0,1
BRDA:10,2,1,9
BRDA:31,3,0,2
BRDA:31,3,1,3
BRDA:31,4,0,5
BRDA:31,4,1,4
BRDA:38,5,0,2
BRDA:38,5,1,1
BRDA:38,6,0,3
BRDA:38,6,1,2
BRF:15
BRH:15
end_of_record
TN:
SF:src\middleware\errorHandler.js
FN:5,(anonymous_0)
FN:17,(anonymous_1)
FNF:2
FNH:2
FNDA:3,(anonymous_0)
FNDA:3,(anonymous_1)
DA:5,1
DA:6,3
DA:7,0
DA:10,3
DA:11,3
DA:14,3
DA:15,3
DA:16,3
DA:17,3
DA:22,3
DA:23,0
DA:24,0
DA:25,0
DA:28,3
LF:14
LH:10
BRDA:6,0,0,0
BRDA:6,0,1,3
BRDA:10,1,0,3
BRDA:10,1,1,0
BRDA:11,2,0,3
BRDA:11,2,1,0
BRDA:14,3,0,3
BRDA:14,3,1,0
BRDA:22,4,0,0
BRDA:22,4,1,3
BRDA:30,5,0,0
BRDA:30,5,1,3
BRF:12
BRH:6
end_of_record
TN:
SF:src\models\user.js
FN:20,(anonymous_0)
FN:31,(anonymous_1)
FN:39,(anonymous_2)
FN:48,(anonymous_3)
FN:53,(anonymous_4)
FNF:5
FNH:5
FNDA:14,(anonymous_0)
FNDA:12,(anonymous_1)
FNDA:11,(anonymous_2)
FNDA:2,(anonymous_3)
FNDA:10,(anonymous_4)
DA:6,1
DA:8,1
DA:21,14
DA:22,1
DA:32,12
DA:33,1
DA:39,1
DA:40,11
DA:41,1
DA:44,10
DA:45,10
DA:46,10
DA:48,1
DA:49,2
DA:51,2
DA:53,1
DA:54,10
DA:55,10
DA:57,1
LF:19
LH:19
BRDA:21,0,0,1
BRDA:21,0,1,13
BRDA:32,1,0,1
BRDA:32,1,1,11
BRDA:40,2,0,1
BRDA:40,2,1,10
BRF:6
BRH:6
end_of_record
TN:
SF:src\routes\auth.js
FNF:0
FNH:0
DA:4,1
DA:6,1
DA:7,1
LF:3
LH:3
BRF:0
BRH:0
end_of_record
